Determining if the include file byteswap.h exists failed with the following output:
Change Dir: /Users/mananmehta/Google Drive/cmpe220 project/CMPE-220/CMakeFiles/CMakeTmp

Run Build Command:"/usr/bin/make" "cmTC_18f48/fast"
/Applications/Xcode.app/Contents/Developer/usr/bin/make -f CMakeFiles/cmTC_18f48.dir/build.make CMakeFiles/cmTC_18f48.dir/build
Building C object CMakeFiles/cmTC_18f48.dir/CheckIncludeFile.c.o
/Applications/Xcode.app/Contents/Developer/Toolchains/XcodeDefault.xctoolchain/usr/bin/cc    -o CMakeFiles/cmTC_18f48.dir/CheckIncludeFile.c.o   -c "/Users/mananmehta/Google Drive/cmpe220 project/CMPE-220/CMakeFiles/CMakeTmp/CheckIncludeFile.c"
/Users/mananmehta/Google Drive/cmpe220 project/CMPE-220/CMakeFiles/CMakeTmp/CheckIncludeFile.c:1:10: fatal error: 'byteswap.h' file not found
#include <byteswap.h>
         ^~~~~~~~~~~~
1 error generated.
make[1]: *** [CMakeFiles/cmTC_18f48.dir/CheckIncludeFile.c.o] Error 1
make: *** [cmTC_18f48/fast] Error 2


Determining if the include file sys/endian.h exists failed with the following output:
Change Dir: /Users/mananmehta/Google Drive/cmpe220 project/CMPE-220/CMakeFiles/CMakeTmp

Run Build Command:"/usr/bin/make" "cmTC_5a13f/fast"
/Applications/Xcode.app/Contents/Developer/usr/bin/make -f CMakeFiles/cmTC_5a13f.dir/build.make CMakeFiles/cmTC_5a13f.dir/build
Building C object CMakeFiles/cmTC_5a13f.dir/CheckIncludeFile.c.o
/Applications/Xcode.app/Contents/Developer/Toolchains/XcodeDefault.xctoolchain/usr/bin/cc    -o CMakeFiles/cmTC_5a13f.dir/CheckIncludeFile.c.o   -c "/Users/mananmehta/Google Drive/cmpe220 project/CMPE-220/CMakeFiles/CMakeTmp/CheckIncludeFile.c"
/Users/mananmehta/Google Drive/cmpe220 project/CMPE-220/CMakeFiles/CMakeTmp/CheckIncludeFile.c:1:10: fatal error: 'sys/endian.h' file not found
#include <sys/endian.h>
         ^~~~~~~~~~~~~~
1 error generated.
make[1]: *** [CMakeFiles/cmTC_5a13f.dir/CheckIncludeFile.c.o] Error 1
make: *** [cmTC_5a13f/fast] Error 2


Determining if the include file windows.h exists failed with the following output:
Change Dir: /Users/mananmehta/Google Drive/cmpe220 project/CMPE-220/CMakeFiles/CMakeTmp

Run Build Command:"/usr/bin/make" "cmTC_56614/fast"
/Applications/Xcode.app/Contents/Developer/usr/bin/make -f CMakeFiles/cmTC_56614.dir/build.make CMakeFiles/cmTC_56614.dir/build
Building C object CMakeFiles/cmTC_56614.dir/CheckIncludeFile.c.o
/Applications/Xcode.app/Contents/Developer/Toolchains/XcodeDefault.xctoolchain/usr/bin/cc    -o CMakeFiles/cmTC_56614.dir/CheckIncludeFile.c.o   -c "/Users/mananmehta/Google Drive/cmpe220 project/CMPE-220/CMakeFiles/CMakeTmp/CheckIncludeFile.c"
/Users/mananmehta/Google Drive/cmpe220 project/CMPE-220/CMakeFiles/CMakeTmp/CheckIncludeFile.c:1:10: fatal error: 'windows.h' file not found
#include <windows.h>
         ^~~~~~~~~~~
1 error generated.
make[1]: *** [CMakeFiles/cmTC_56614.dir/CheckIncludeFile.c.o] Error 1
make: *** [cmTC_56614/fast] Error 2


Determining if the function lzo1x_1_15_compress exists in the lzo2 failed with the following output:
Change Dir: /Users/mananmehta/Google Drive/cmpe220 project/CMPE-220/CMakeFiles/CMakeTmp

Run Build Command:"/usr/bin/make" "cmTC_d534b/fast"
/Applications/Xcode.app/Contents/Developer/usr/bin/make -f CMakeFiles/cmTC_d534b.dir/build.make CMakeFiles/cmTC_d534b.dir/build
Building C object CMakeFiles/cmTC_d534b.dir/CheckFunctionExists.c.o
/Applications/Xcode.app/Contents/Developer/Toolchains/XcodeDefault.xctoolchain/usr/bin/cc   -DCHECK_FUNCTION_EXISTS=lzo1x_1_15_compress   -o CMakeFiles/cmTC_d534b.dir/CheckFunctionExists.c.o   -c /Applications/CMake.app/Contents/share/cmake-3.10/Modules/CheckFunctionExists.c
Linking C executable cmTC_d534b
/Applications/CMake.app/Contents/bin/cmake -E cmake_link_script CMakeFiles/cmTC_d534b.dir/link.txt --verbose=1
/Applications/Xcode.app/Contents/Developer/Toolchains/XcodeDefault.xctoolchain/usr/bin/cc  -DCHECK_FUNCTION_EXISTS=lzo1x_1_15_compress -Wl,-search_paths_first -Wl,-headerpad_max_install_names   CMakeFiles/cmTC_d534b.dir/CheckFunctionExists.c.o  -o cmTC_d534b -llzo2 
ld: library not found for -llzo2
clang: error: linker command failed with exit code 1 (use -v to see invocation)
make[1]: *** [cmTC_d534b] Error 1
make: *** [cmTC_d534b/fast] Error 2


